<?xml version="1.0" encoding="UTF-8"?>
<testsuite name="encryptionTest" tests="1" skipped="0" failures="0" errors="0" timestamp="2022-02-22T03:42:42" hostname="ron-lenovo-g510" time="0.055">
  <properties/>
  <testcase name="testEncryptWithShift1()" classname="encryptionTest" time="0.055"/>
  <system-out><![CDATA[]]></system-out>
  <system-err><![CDATA[]]></system-err>
</testsuite>
