<?xml version="1.0" encoding="UTF-8"?>
<testsuite name="decryptionTest" tests="1" skipped="0" failures="0" errors="0" timestamp="2022-02-22T03:53:36" hostname="ron-lenovo-g510" time="0.068">
  <properties/>
  <testcase name="testEncryptWithShift1()" classname="decryptionTest" time="0.068"/>
  <system-out><![CDATA[]]></system-out>
  <system-err><![CDATA[]]></system-err>
</testsuite>
